[{"line":2,"elements":[{"start_timestamp":"2023-01-26T07:14:53.418Z","line":14,"name":"login_with_customer_credentials","description":"","id":"customer-login-feature;login-with-customer-credentials;test-data;2","type":"scenario","keyword":"Scenario Outline","steps":[{"result":{"duration":4429424000,"status":"passed"},"line":6,"name":"user opens the URL \"https://www.bluerentalcars.com/\"","match":{"arguments":[{"val":"\"https://www.bluerentalcars.com/\"","offset":19}],"location":"stepdefinitions.GoogleStepDefs.user_opens_the_url(java.lang.String)"},"keyword":"Given "},{"result":{"error_message":"org.openqa.selenium.NoSuchElementException: no such element: Unable to locate element: {\"method\":\"xpath\",\"selector\":\"//a[@role='button']\"}\n  (Session info: chrome=109.0.5414.87)\nFor documentation on this error, please visit: https://selenium.dev/exceptions/#no_such_element\nBuild info: version: '4.4.0', revision: 'e5c75ed026a'\nSystem info: host: 'burhans-iMac.hitronhub.home', ip: '192.168.0.12', os.name: 'Mac OS X', os.arch: 'x86_64', os.version: '10.15.7', java.version: '11.0.17'\nDriver info: org.openqa.selenium.chrome.ChromeDriver\nCommand: [4bcfce2042166e56d0abc53391394782, findElement {using=xpath, value=//a[@role='button']}]\nCapabilities {acceptInsecureCerts: false, browserName: chrome, browserVersion: 109.0.5414.87, chrome: {chromedriverVersion: 109.0.5414.74 (e7c5703604da..., userDataDir: /var/folders/vf/nz5zvv751_n...}, goog:chromeOptions: {debuggerAddress: localhost:50415}, networkConnectionEnabled: false, pageLoadStrategy: normal, platformName: MAC, proxy: Proxy(), se:cdp: ws://localhost:50415/devtoo..., se:cdpVersion: 109.0.5414.87, setWindowRect: true, strictFileInteractability: false, timeouts: {implicit: 0, pageLoad: 300000, script: 30000}, unhandledPromptBehavior: dismiss and notify, webauthn:extension:credBlob: true, webauthn:extension:largeBlob: true, webauthn:virtualAuthenticators: true}\nSession ID: 4bcfce2042166e56d0abc53391394782\n\tat java.base/jdk.internal.reflect.NativeConstructorAccessorImpl.newInstance0(Native Method)\n\tat java.base/jdk.internal.reflect.NativeConstructorAccessorImpl.newInstance(NativeConstructorAccessorImpl.java:62)\n\tat java.base/jdk.internal.reflect.DelegatingConstructorAccessorImpl.newInstance(DelegatingConstructorAccessorImpl.java:45)\n\tat java.base/java.lang.reflect.Constructor.newInstance(Constructor.java:490)\n\tat org.openqa.selenium.remote.codec.w3c.W3CHttpResponseCodec.createException(W3CHttpResponseCodec.java:200)\n\tat org.openqa.selenium.remote.codec.w3c.W3CHttpResponseCodec.decode(W3CHttpResponseCodec.java:133)\n\tat org.openqa.selenium.remote.codec.w3c.W3CHttpResponseCodec.decode(W3CHttpResponseCodec.java:53)\n\tat org.openqa.selenium.remote.HttpCommandExecutor.execute(HttpCommandExecutor.java:184)\n\tat org.openqa.selenium.remote.service.DriverCommandExecutor.invokeExecute(DriverCommandExecutor.java:167)\n\tat org.openqa.selenium.remote.service.DriverCommandExecutor.execute(DriverCommandExecutor.java:142)\n\tat org.openqa.selenium.remote.RemoteWebDriver.execute(RemoteWebDriver.java:547)\n\tat org.openqa.selenium.remote.ElementLocation$ElementFinder$2.findElement(ElementLocation.java:162)\n\tat org.openqa.selenium.remote.ElementLocation.findElement(ElementLocation.java:60)\n\tat org.openqa.selenium.remote.RemoteWebDriver.findElement(RemoteWebDriver.java:365)\n\tat org.openqa.selenium.remote.RemoteWebDriver.findElement(RemoteWebDriver.java:357)\n\tat org.openqa.selenium.support.pagefactory.DefaultElementLocator.findElement(DefaultElementLocator.java:70)\n\tat org.openqa.selenium.support.pagefactory.internal.LocatingElementHandler.invoke(LocatingElementHandler.java:39)\n\tat com.sun.proxy.$Proxy22.click(Unknown Source)\n\tat pages.HomePage.clickOnLoginLink(HomePage.java:77)\n\tat stepdefinitions.AppLoginStepDefs.user_navigate_the_login_page(AppLoginStepDefs.java:21)\n\tat ✽.user navigate the login page(file:///Users/burhanaslan/Desktop/IdeaProjects/mycucumberproject/./src/test/resources/features/day20_customer_login.feature:7)\n","duration":39764000,"status":"failed"},"line":7,"name":"user navigate the login page","match":{"location":"stepdefinitions.AppLoginStepDefs.user_navigate_the_login_page()"},"keyword":"When "},{"result":{"duration":2690000,"status":"skipped"},"line":8,"name":"user enters username as \"customer@bluerentalcars.com\" and password as \"12345\" and click on login button","match":{"arguments":[{"val":"\"customer@bluerentalcars.com\"","offset":24},{"val":"\"12345\"","offset":70}],"location":"stepdefinitions.AppLoginStepDefs.user_enters_username_as_and_password_as_and_click_on_login_button(java.lang.String,java.lang.String)"},"keyword":"And "},{"result":{"duration":240000,"status":"skipped"},"line":9,"name":"verify the login is successful","match":{"location":"stepdefinitions.AppLoginStepDefs.verify_the_login_is_successful()"},"keyword":"Then "},{"result":{"duration":166000,"status":"skipped"},"line":10,"name":"close the application","match":{"location":"stepdefinitions.GoogleStepDefs.close_the_application()"},"keyword":"Then "}],"tags":[{"name":"@customer_login"}]},{"start_timestamp":"2023-01-26T07:14:57.991Z","line":15,"name":"login_with_customer_credentials","description":"","id":"customer-login-feature;login-with-customer-credentials;test-data;3","type":"scenario","keyword":"Scenario Outline","steps":[{"result":{"duration":149270000,"status":"passed"},"line":6,"name":"user opens the URL \"https://www.bluerentalcars.com/\"","match":{"arguments":[{"val":"\"https://www.bluerentalcars.com/\"","offset":19}],"location":"stepdefinitions.GoogleStepDefs.user_opens_the_url(java.lang.String)"},"keyword":"Given "},{"result":{"error_message":"org.openqa.selenium.NoSuchElementException: no such element: Unable to locate element: {\"method\":\"xpath\",\"selector\":\"//a[@role='button']\"}\n  (Session info: chrome=109.0.5414.87)\nFor documentation on this error, please visit: https://selenium.dev/exceptions/#no_such_element\nBuild info: version: '4.4.0', revision: 'e5c75ed026a'\nSystem info: host: 'burhans-iMac.hitronhub.home', ip: '192.168.0.12', os.name: 'Mac OS X', os.arch: 'x86_64', os.version: '10.15.7', java.version: '11.0.17'\nDriver info: org.openqa.selenium.chrome.ChromeDriver\nCommand: [4bcfce2042166e56d0abc53391394782, findElement {using=xpath, value=//a[@role='button']}]\nCapabilities {acceptInsecureCerts: false, browserName: chrome, browserVersion: 109.0.5414.87, chrome: {chromedriverVersion: 109.0.5414.74 (e7c5703604da..., userDataDir: /var/folders/vf/nz5zvv751_n...}, goog:chromeOptions: {debuggerAddress: localhost:50415}, networkConnectionEnabled: false, pageLoadStrategy: normal, platformName: MAC, proxy: Proxy(), se:cdp: ws://localhost:50415/devtoo..., se:cdpVersion: 109.0.5414.87, setWindowRect: true, strictFileInteractability: false, timeouts: {implicit: 0, pageLoad: 300000, script: 30000}, unhandledPromptBehavior: dismiss and notify, webauthn:extension:credBlob: true, webauthn:extension:largeBlob: true, webauthn:virtualAuthenticators: true}\nSession ID: 4bcfce2042166e56d0abc53391394782\n\tat java.base/jdk.internal.reflect.NativeConstructorAccessorImpl.newInstance0(Native Method)\n\tat java.base/jdk.internal.reflect.NativeConstructorAccessorImpl.newInstance(NativeConstructorAccessorImpl.java:62)\n\tat java.base/jdk.internal.reflect.DelegatingConstructorAccessorImpl.newInstance(DelegatingConstructorAccessorImpl.java:45)\n\tat java.base/java.lang.reflect.Constructor.newInstance(Constructor.java:490)\n\tat org.openqa.selenium.remote.codec.w3c.W3CHttpResponseCodec.createException(W3CHttpResponseCodec.java:200)\n\tat org.openqa.selenium.remote.codec.w3c.W3CHttpResponseCodec.decode(W3CHttpResponseCodec.java:133)\n\tat org.openqa.selenium.remote.codec.w3c.W3CHttpResponseCodec.decode(W3CHttpResponseCodec.java:53)\n\tat org.openqa.selenium.remote.HttpCommandExecutor.execute(HttpCommandExecutor.java:184)\n\tat org.openqa.selenium.remote.service.DriverCommandExecutor.invokeExecute(DriverCommandExecutor.java:167)\n\tat org.openqa.selenium.remote.service.DriverCommandExecutor.execute(DriverCommandExecutor.java:142)\n\tat org.openqa.selenium.remote.RemoteWebDriver.execute(RemoteWebDriver.java:547)\n\tat org.openqa.selenium.remote.ElementLocation$ElementFinder$2.findElement(ElementLocation.java:162)\n\tat org.openqa.selenium.remote.ElementLocation.findElement(ElementLocation.java:60)\n\tat org.openqa.selenium.remote.RemoteWebDriver.findElement(RemoteWebDriver.java:365)\n\tat org.openqa.selenium.remote.RemoteWebDriver.findElement(RemoteWebDriver.java:357)\n\tat org.openqa.selenium.support.pagefactory.DefaultElementLocator.findElement(DefaultElementLocator.java:70)\n\tat org.openqa.selenium.support.pagefactory.internal.LocatingElementHandler.invoke(LocatingElementHandler.java:39)\n\tat com.sun.proxy.$Proxy22.click(Unknown Source)\n\tat pages.HomePage.clickOnLoginLink(HomePage.java:77)\n\tat stepdefinitions.AppLoginStepDefs.user_navigate_the_login_page(AppLoginStepDefs.java:21)\n\tat ✽.user navigate the login page(file:///Users/burhanaslan/Desktop/IdeaProjects/mycucumberproject/./src/test/resources/features/day20_customer_login.feature:7)\n","duration":23095000,"status":"failed"},"line":7,"name":"user navigate the login page","match":{"location":"stepdefinitions.AppLoginStepDefs.user_navigate_the_login_page()"},"keyword":"When "},{"result":{"duration":161000,"status":"skipped"},"line":8,"name":"user enters username as \"customer1@bluerentalcars.com\" and password as \"12346\" and click on login button","match":{"arguments":[{"val":"\"customer1@bluerentalcars.com\"","offset":24},{"val":"\"12346\"","offset":71}],"location":"stepdefinitions.AppLoginStepDefs.user_enters_username_as_and_password_as_and_click_on_login_button(java.lang.String,java.lang.String)"},"keyword":"And "},{"result":{"duration":628000,"status":"skipped"},"line":9,"name":"verify the login is successful","match":{"location":"stepdefinitions.AppLoginStepDefs.verify_the_login_is_successful()"},"keyword":"Then "},{"result":{"duration":137000,"status":"skipped"},"line":10,"name":"close the application","match":{"location":"stepdefinitions.GoogleStepDefs.close_the_application()"},"keyword":"Then "}],"tags":[{"name":"@customer_login"}]},{"start_timestamp":"2023-01-26T07:14:58.200Z","line":16,"name":"login_with_customer_credentials","description":"","id":"customer-login-feature;login-with-customer-credentials;test-data;4","type":"scenario","keyword":"Scenario Outline","steps":[{"result":{"duration":131045000,"status":"passed"},"line":6,"name":"user opens the URL \"https://www.bluerentalcars.com/\"","match":{"arguments":[{"val":"\"https://www.bluerentalcars.com/\"","offset":19}],"location":"stepdefinitions.GoogleStepDefs.user_opens_the_url(java.lang.String)"},"keyword":"Given "},{"result":{"error_message":"org.openqa.selenium.NoSuchElementException: no such element: Unable to locate element: {\"method\":\"xpath\",\"selector\":\"//a[@role='button']\"}\n  (Session info: chrome=109.0.5414.87)\nFor documentation on this error, please visit: https://selenium.dev/exceptions/#no_such_element\nBuild info: version: '4.4.0', revision: 'e5c75ed026a'\nSystem info: host: 'burhans-iMac.hitronhub.home', ip: '192.168.0.12', os.name: 'Mac OS X', os.arch: 'x86_64', os.version: '10.15.7', java.version: '11.0.17'\nDriver info: org.openqa.selenium.chrome.ChromeDriver\nCommand: [4bcfce2042166e56d0abc53391394782, findElement {using=xpath, value=//a[@role='button']}]\nCapabilities {acceptInsecureCerts: false, browserName: chrome, browserVersion: 109.0.5414.87, chrome: {chromedriverVersion: 109.0.5414.74 (e7c5703604da..., userDataDir: /var/folders/vf/nz5zvv751_n...}, goog:chromeOptions: {debuggerAddress: localhost:50415}, networkConnectionEnabled: false, pageLoadStrategy: normal, platformName: MAC, proxy: Proxy(), se:cdp: ws://localhost:50415/devtoo..., se:cdpVersion: 109.0.5414.87, setWindowRect: true, strictFileInteractability: false, timeouts: {implicit: 0, pageLoad: 300000, script: 30000}, unhandledPromptBehavior: dismiss and notify, webauthn:extension:credBlob: true, webauthn:extension:largeBlob: true, webauthn:virtualAuthenticators: true}\nSession ID: 4bcfce2042166e56d0abc53391394782\n\tat java.base/jdk.internal.reflect.NativeConstructorAccessorImpl.newInstance0(Native Method)\n\tat java.base/jdk.internal.reflect.NativeConstructorAccessorImpl.newInstance(NativeConstructorAccessorImpl.java:62)\n\tat java.base/jdk.internal.reflect.DelegatingConstructorAccessorImpl.newInstance(DelegatingConstructorAccessorImpl.java:45)\n\tat java.base/java.lang.reflect.Constructor.newInstance(Constructor.java:490)\n\tat org.openqa.selenium.remote.codec.w3c.W3CHttpResponseCodec.createException(W3CHttpResponseCodec.java:200)\n\tat org.openqa.selenium.remote.codec.w3c.W3CHttpResponseCodec.decode(W3CHttpResponseCodec.java:133)\n\tat org.openqa.selenium.remote.codec.w3c.W3CHttpResponseCodec.decode(W3CHttpResponseCodec.java:53)\n\tat org.openqa.selenium.remote.HttpCommandExecutor.execute(HttpCommandExecutor.java:184)\n\tat org.openqa.selenium.remote.service.DriverCommandExecutor.invokeExecute(DriverCommandExecutor.java:167)\n\tat org.openqa.selenium.remote.service.DriverCommandExecutor.execute(DriverCommandExecutor.java:142)\n\tat org.openqa.selenium.remote.RemoteWebDriver.execute(RemoteWebDriver.java:547)\n\tat org.openqa.selenium.remote.ElementLocation$ElementFinder$2.findElement(ElementLocation.java:162)\n\tat org.openqa.selenium.remote.ElementLocation.findElement(ElementLocation.java:60)\n\tat org.openqa.selenium.remote.RemoteWebDriver.findElement(RemoteWebDriver.java:365)\n\tat org.openqa.selenium.remote.RemoteWebDriver.findElement(RemoteWebDriver.java:357)\n\tat org.openqa.selenium.support.pagefactory.DefaultElementLocator.findElement(DefaultElementLocator.java:70)\n\tat org.openqa.selenium.support.pagefactory.internal.LocatingElementHandler.invoke(LocatingElementHandler.java:39)\n\tat com.sun.proxy.$Proxy22.click(Unknown Source)\n\tat pages.HomePage.clickOnLoginLink(HomePage.java:77)\n\tat stepdefinitions.AppLoginStepDefs.user_navigate_the_login_page(AppLoginStepDefs.java:21)\n\tat ✽.user navigate the login page(file:///Users/burhanaslan/Desktop/IdeaProjects/mycucumberproject/./src/test/resources/features/day20_customer_login.feature:7)\n","duration":20824000,"status":"failed"},"line":7,"name":"user navigate the login page","match":{"location":"stepdefinitions.AppLoginStepDefs.user_navigate_the_login_page()"},"keyword":"When "},{"result":{"duration":121000,"status":"skipped"},"line":8,"name":"user enters username as \"customer2@bluerentalcars.com\" and password as \"12347\" and click on login button","match":{"arguments":[{"val":"\"customer2@bluerentalcars.com\"","offset":24},{"val":"\"12347\"","offset":71}],"location":"stepdefinitions.AppLoginStepDefs.user_enters_username_as_and_password_as_and_click_on_login_button(java.lang.String,java.lang.String)"},"keyword":"And "},{"result":{"duration":94000,"status":"skipped"},"line":9,"name":"verify the login is successful","match":{"location":"stepdefinitions.AppLoginStepDefs.verify_the_login_is_successful()"},"keyword":"Then "},{"result":{"duration":78000,"status":"skipped"},"line":10,"name":"close the application","match":{"location":"stepdefinitions.GoogleStepDefs.close_the_application()"},"keyword":"Then "}],"tags":[{"name":"@customer_login"}]},{"start_timestamp":"2023-01-26T07:14:58.376Z","line":17,"name":"login_with_customer_credentials","description":"","id":"customer-login-feature;login-with-customer-credentials;test-data;5","type":"scenario","keyword":"Scenario Outline","steps":[{"result":{"duration":149770000,"status":"passed"},"line":6,"name":"user opens the URL \"https://www.bluerentalcars.com/\"","match":{"arguments":[{"val":"\"https://www.bluerentalcars.com/\"","offset":19}],"location":"stepdefinitions.GoogleStepDefs.user_opens_the_url(java.lang.String)"},"keyword":"Given "},{"result":{"error_message":"org.openqa.selenium.NoSuchElementException: no such element: Unable to locate element: {\"method\":\"xpath\",\"selector\":\"//a[@role='button']\"}\n  (Session info: chrome=109.0.5414.87)\nFor documentation on this error, please visit: https://selenium.dev/exceptions/#no_such_element\nBuild info: version: '4.4.0', revision: 'e5c75ed026a'\nSystem info: host: 'burhans-iMac.hitronhub.home', ip: '192.168.0.12', os.name: 'Mac OS X', os.arch: 'x86_64', os.version: '10.15.7', java.version: '11.0.17'\nDriver info: org.openqa.selenium.chrome.ChromeDriver\nCommand: [4bcfce2042166e56d0abc53391394782, findElement {using=xpath, value=//a[@role='button']}]\nCapabilities {acceptInsecureCerts: false, browserName: chrome, browserVersion: 109.0.5414.87, chrome: {chromedriverVersion: 109.0.5414.74 (e7c5703604da..., userDataDir: /var/folders/vf/nz5zvv751_n...}, goog:chromeOptions: {debuggerAddress: localhost:50415}, networkConnectionEnabled: false, pageLoadStrategy: normal, platformName: MAC, proxy: Proxy(), se:cdp: ws://localhost:50415/devtoo..., se:cdpVersion: 109.0.5414.87, setWindowRect: true, strictFileInteractability: false, timeouts: {implicit: 0, pageLoad: 300000, script: 30000}, unhandledPromptBehavior: dismiss and notify, webauthn:extension:credBlob: true, webauthn:extension:largeBlob: true, webauthn:virtualAuthenticators: true}\nSession ID: 4bcfce2042166e56d0abc53391394782\n\tat java.base/jdk.internal.reflect.NativeConstructorAccessorImpl.newInstance0(Native Method)\n\tat java.base/jdk.internal.reflect.NativeConstructorAccessorImpl.newInstance(NativeConstructorAccessorImpl.java:62)\n\tat java.base/jdk.internal.reflect.DelegatingConstructorAccessorImpl.newInstance(DelegatingConstructorAccessorImpl.java:45)\n\tat java.base/java.lang.reflect.Constructor.newInstance(Constructor.java:490)\n\tat org.openqa.selenium.remote.codec.w3c.W3CHttpResponseCodec.createException(W3CHttpResponseCodec.java:200)\n\tat org.openqa.selenium.remote.codec.w3c.W3CHttpResponseCodec.decode(W3CHttpResponseCodec.java:133)\n\tat org.openqa.selenium.remote.codec.w3c.W3CHttpResponseCodec.decode(W3CHttpResponseCodec.java:53)\n\tat org.openqa.selenium.remote.HttpCommandExecutor.execute(HttpCommandExecutor.java:184)\n\tat org.openqa.selenium.remote.service.DriverCommandExecutor.invokeExecute(DriverCommandExecutor.java:167)\n\tat org.openqa.selenium.remote.service.DriverCommandExecutor.execute(DriverCommandExecutor.java:142)\n\tat org.openqa.selenium.remote.RemoteWebDriver.execute(RemoteWebDriver.java:547)\n\tat org.openqa.selenium.remote.ElementLocation$ElementFinder$2.findElement(ElementLocation.java:162)\n\tat org.openqa.selenium.remote.ElementLocation.findElement(ElementLocation.java:60)\n\tat org.openqa.selenium.remote.RemoteWebDriver.findElement(RemoteWebDriver.java:365)\n\tat org.openqa.selenium.remote.RemoteWebDriver.findElement(RemoteWebDriver.java:357)\n\tat org.openqa.selenium.support.pagefactory.DefaultElementLocator.findElement(DefaultElementLocator.java:70)\n\tat org.openqa.selenium.support.pagefactory.internal.LocatingElementHandler.invoke(LocatingElementHandler.java:39)\n\tat com.sun.proxy.$Proxy22.click(Unknown Source)\n\tat pages.HomePage.clickOnLoginLink(HomePage.java:77)\n\tat stepdefinitions.AppLoginStepDefs.user_navigate_the_login_page(AppLoginStepDefs.java:21)\n\tat ✽.user navigate the login page(file:///Users/burhanaslan/Desktop/IdeaProjects/mycucumberproject/./src/test/resources/features/day20_customer_login.feature:7)\n","duration":22647000,"status":"failed"},"line":7,"name":"user navigate the login page","match":{"location":"stepdefinitions.AppLoginStepDefs.user_navigate_the_login_page()"},"keyword":"When "},{"result":{"duration":129000,"status":"skipped"},"line":8,"name":"user enters username as \"customer3@bluerentalcars.com\" and password as \"12348\" and click on login button","match":{"arguments":[{"val":"\"customer3@bluerentalcars.com\"","offset":24},{"val":"\"12348\"","offset":71}],"location":"stepdefinitions.AppLoginStepDefs.user_enters_username_as_and_password_as_and_click_on_login_button(java.lang.String,java.lang.String)"},"keyword":"And "},{"result":{"duration":89000,"status":"skipped"},"line":9,"name":"verify the login is successful","match":{"location":"stepdefinitions.AppLoginStepDefs.verify_the_login_is_successful()"},"keyword":"Then "},{"result":{"duration":85000,"status":"skipped"},"line":10,"name":"close the application","match":{"location":"stepdefinitions.GoogleStepDefs.close_the_application()"},"keyword":"Then "}],"tags":[{"name":"@customer_login"}]},{"start_timestamp":"2023-01-26T07:14:58.569Z","line":18,"name":"login_with_customer_credentials","description":"","id":"customer-login-feature;login-with-customer-credentials;test-data;6","type":"scenario","keyword":"Scenario Outline","steps":[{"result":{"duration":135867000,"status":"passed"},"line":6,"name":"user opens the URL \"https://www.bluerentalcars.com/\"","match":{"arguments":[{"val":"\"https://www.bluerentalcars.com/\"","offset":19}],"location":"stepdefinitions.GoogleStepDefs.user_opens_the_url(java.lang.String)"},"keyword":"Given "},{"result":{"error_message":"org.openqa.selenium.NoSuchElementException: no such element: Unable to locate element: {\"method\":\"xpath\",\"selector\":\"//a[@role='button']\"}\n  (Session info: chrome=109.0.5414.87)\nFor documentation on this error, please visit: https://selenium.dev/exceptions/#no_such_element\nBuild info: version: '4.4.0', revision: 'e5c75ed026a'\nSystem info: host: 'burhans-iMac.hitronhub.home', ip: '192.168.0.12', os.name: 'Mac OS X', os.arch: 'x86_64', os.version: '10.15.7', java.version: '11.0.17'\nDriver info: org.openqa.selenium.chrome.ChromeDriver\nCommand: [4bcfce2042166e56d0abc53391394782, findElement {using=xpath, value=//a[@role='button']}]\nCapabilities {acceptInsecureCerts: false, browserName: chrome, browserVersion: 109.0.5414.87, chrome: {chromedriverVersion: 109.0.5414.74 (e7c5703604da..., userDataDir: /var/folders/vf/nz5zvv751_n...}, goog:chromeOptions: {debuggerAddress: localhost:50415}, networkConnectionEnabled: false, pageLoadStrategy: normal, platformName: MAC, proxy: Proxy(), se:cdp: ws://localhost:50415/devtoo..., se:cdpVersion: 109.0.5414.87, setWindowRect: true, strictFileInteractability: false, timeouts: {implicit: 0, pageLoad: 300000, script: 30000}, unhandledPromptBehavior: dismiss and notify, webauthn:extension:credBlob: true, webauthn:extension:largeBlob: true, webauthn:virtualAuthenticators: true}\nSession ID: 4bcfce2042166e56d0abc53391394782\n\tat java.base/jdk.internal.reflect.NativeConstructorAccessorImpl.newInstance0(Native Method)\n\tat java.base/jdk.internal.reflect.NativeConstructorAccessorImpl.newInstance(NativeConstructorAccessorImpl.java:62)\n\tat java.base/jdk.internal.reflect.DelegatingConstructorAccessorImpl.newInstance(DelegatingConstructorAccessorImpl.java:45)\n\tat java.base/java.lang.reflect.Constructor.newInstance(Constructor.java:490)\n\tat org.openqa.selenium.remote.codec.w3c.W3CHttpResponseCodec.createException(W3CHttpResponseCodec.java:200)\n\tat org.openqa.selenium.remote.codec.w3c.W3CHttpResponseCodec.decode(W3CHttpResponseCodec.java:133)\n\tat org.openqa.selenium.remote.codec.w3c.W3CHttpResponseCodec.decode(W3CHttpResponseCodec.java:53)\n\tat org.openqa.selenium.remote.HttpCommandExecutor.execute(HttpCommandExecutor.java:184)\n\tat org.openqa.selenium.remote.service.DriverCommandExecutor.invokeExecute(DriverCommandExecutor.java:167)\n\tat org.openqa.selenium.remote.service.DriverCommandExecutor.execute(DriverCommandExecutor.java:142)\n\tat org.openqa.selenium.remote.RemoteWebDriver.execute(RemoteWebDriver.java:547)\n\tat org.openqa.selenium.remote.ElementLocation$ElementFinder$2.findElement(ElementLocation.java:162)\n\tat org.openqa.selenium.remote.ElementLocation.findElement(ElementLocation.java:60)\n\tat org.openqa.selenium.remote.RemoteWebDriver.findElement(RemoteWebDriver.java:365)\n\tat org.openqa.selenium.remote.RemoteWebDriver.findElement(RemoteWebDriver.java:357)\n\tat org.openqa.selenium.support.pagefactory.DefaultElementLocator.findElement(DefaultElementLocator.java:70)\n\tat org.openqa.selenium.support.pagefactory.internal.LocatingElementHandler.invoke(LocatingElementHandler.java:39)\n\tat com.sun.proxy.$Proxy22.click(Unknown Source)\n\tat pages.HomePage.clickOnLoginLink(HomePage.java:77)\n\tat stepdefinitions.AppLoginStepDefs.user_navigate_the_login_page(AppLoginStepDefs.java:21)\n\tat ✽.user navigate the login page(file:///Users/burhanaslan/Desktop/IdeaProjects/mycucumberproject/./src/test/resources/features/day20_customer_login.feature:7)\n","duration":20984000,"status":"failed"},"line":7,"name":"user navigate the login page","match":{"location":"stepdefinitions.AppLoginStepDefs.user_navigate_the_login_page()"},"keyword":"When "},{"result":{"duration":127000,"status":"skipped"},"line":8,"name":"user enters username as \"customer4@bluerentalcars.com\" and password as \"12322\" and click on login button","match":{"arguments":[{"val":"\"customer4@bluerentalcars.com\"","offset":24},{"val":"\"12322\"","offset":71}],"location":"stepdefinitions.AppLoginStepDefs.user_enters_username_as_and_password_as_and_click_on_login_button(java.lang.String,java.lang.String)"},"keyword":"And "},{"result":{"duration":90000,"status":"skipped"},"line":9,"name":"verify the login is successful","match":{"location":"stepdefinitions.AppLoginStepDefs.verify_the_login_is_successful()"},"keyword":"Then "},{"result":{"duration":75000,"status":"skipped"},"line":10,"name":"close the application","match":{"location":"stepdefinitions.GoogleStepDefs.close_the_application()"},"keyword":"Then "}],"tags":[{"name":"@customer_login"}]}],"name":"customer_login_feature","description":"","id":"customer-login-feature","keyword":"Feature","uri":"file:src/test/resources/features/day20_customer_login.feature","tags":[{"name":"@customer_login","type":"Tag","location":{"line":1,"column":1}}]}]